<?xml version="1.0" encoding="UTF-8"?>
<!-- Generated by org.testng.reporters.JUnitReportReporter -->
<testsuite hostname="DESKTOP-BB34OQ0" failures="0" tests="2" name="IPT_FrameworkTaskProgram.TestNGAnnotationsDataProvider" time="7.294" errors="0" timestamp="2023-01-27T15:34:25 IST" skipped="0">
  <testcase classname="IPT_FrameworkTaskProgram.TestNGAnnotationsDataProvider" name="intialProcessMethod1" time="3.232"/>
  <system-out/>
  <testcase classname="IPT_FrameworkTaskProgram.TestNGAnnotationsDataProvider" name="intialProcessMethod1" time="4.062"/>
  <system-out/>
</testsuite> <!-- IPT_FrameworkTaskProgram.TestNGAnnotationsDataProvider -->
