<?xml version="1.0" encoding="UTF-8"?>
<!-- Generated by org.testng.reporters.JUnitReportReporter -->
<testsuite hostname="DESKTOP-BB34OQ0" failures="0" tests="2" name="IPT_FrameworkTaskProgram.TestNGAnnotationsGrouping" time="32.450" errors="0" timestamp="2023-01-27T14:07:38 IST" skipped="0">
  <testcase classname="IPT_FrameworkTaskProgram.TestNGAnnotationsGrouping" name="login" time="2.373"/>
  <system-out/>
  <testcase classname="IPT_FrameworkTaskProgram.TestNGAnnotationsGrouping" name="intialProcessMethod1" time="30.077"/>
  <system-out/>
</testsuite> <!-- IPT_FrameworkTaskProgram.TestNGAnnotationsGrouping -->
